<!DOCTYPE html>
<html>
<head>
    <title>Unittest Results</title>
    <meta charset="utf-8">
    <meta name="viewport" content="width=device-width, initial-scale=1.0">
    <link rel="stylesheet" href="https://maxcdn.bootstrapcdn.com/bootstrap/3.3.6/css/bootstrap.min.css" integrity="sha384-1q8mTJOASx8j1Au+a5WDVnPi2lkFfwwEAa8hDDdjZlpLegxhjVME1fgjWPGmkzs7" crossorigin="anonymous">
</head>
<body>
    <div class="container">
        <div class="row">
            <div class="col-xs-12">
                <h2 class="text-capitalize">Unittest Results</h2>
                <p class='attribute'><strong>Start Time: </strong>2020-06-20 13:06:33</p>
                <p class='attribute'><strong>Duration: </strong>29.72 s</p>
                <p class='attribute'><strong>Summary: </strong>Total: 2, Pass: 0, Error: 2</p>
            </div>
        </div>
        <div class="row">
            <div class="col-xs-12 col-sm-10 col-md-10">
                <table class='table table-hover table-responsive'>
                    <thead>
                        <tr>
                            <th>__main__.MainTestClass</th>
                            <th>Status</th>
                            <th></th>
                        </tr>
                    </thead>
                    <tbody>
                        <tr class='warning'>
                            <td class="col-xs-10">test_01CreateProjectWithWF</td>
                            <td class="col-xs-1">
                                <span class="label label-warning" style="display:block;width:40px;">Error</span>
                            </td>
                            <td class="col-xs-1">
                                <button class="btn btn-default btn-xs">View</button>
                            </td>
                        </tr>
                        <tr style="display:none;">
                            <td class="col-xs-9" colspan="3"><p>QA--QAQA True
</p><p style="color:maroon;">WebDriverException: Message: chrome not reachable
  (Session info: chrome=83.0.4103.106)
</p><p style="color:maroon;">Traceback (most recent call last):
  File "multipleTC.py", line 34, in test_01CreateProjectWithWF
    shadow.find_element("frevvo-ui-wizard-dialog#project-wizard>paper-dialog#wizardDialog>div#wizardButtons>paper-button#finishButton").click()
  File "C:\Users\kamal\PycharmProjects\FrevvoAutomationFramework\venv\lib\site-packages\multipledispatch\dispatcher.py", line 435, in __call__
    return func(self.obj, *args, **kwargs)
  File "C:\Users\kamal\PycharmProjects\FrevvoAutomationFramework\venv\lib\site-packages\pyshadow\main.py", line 103, in find_element
    element = self.executor_get_object(command)
  File "C:\Users\kamal\PycharmProjects\FrevvoAutomationFramework\venv\lib\site-packages\multipledispatch\dispatcher.py", line 435, in __call__
    return func(self.obj, *args, **kwargs)
  File "C:\Users\kamal\PycharmProjects\FrevvoAutomationFramework\venv\lib\site-packages\pyshadow\main.py", line 78, in executor_get_object
    return self.inject_shadow_executor(javascript)
  File "C:\Users\kamal\PycharmProjects\FrevvoAutomationFramework\venv\lib\site-packages\multipledispatch\dispatcher.py", line 435, in __call__
    return func(self.obj, *args, **kwargs)
  File "C:\Users\kamal\PycharmProjects\FrevvoAutomationFramework\venv\lib\site-packages\pyshadow\main.py", line 67, in inject_shadow_executor
    return self.driver.execute_script(javascript)
  File "C:\Users\kamal\PycharmProjects\FrevvoAutomationFramework\venv\lib\site-packages\selenium\webdriver\remote\webdriver.py", line 634, in execute_script
    return self.execute(command, {
  File "C:\Users\kamal\PycharmProjects\FrevvoAutomationFramework\venv\lib\site-packages\selenium\webdriver\remote\webdriver.py", line 321, in execute
    self.error_handler.check_response(response)
  File "C:\Users\kamal\PycharmProjects\FrevvoAutomationFramework\venv\lib\site-packages\selenium\webdriver\remote\errorhandler.py", line 242, in check_response
    raise exception_class(message, screen, stacktrace)
selenium.common.exceptions.WebDriverException: Message: chrome not reachable
  (Session info: chrome=83.0.4103.106)

</p>
                            </td>
                        </tr>
                        <tr class='warning'>
                            <td class="col-xs-10">test_02CreateWFAddToNewProject</td>
                            <td class="col-xs-1">
                                <span class="label label-warning" style="display:block;width:40px;">Error</span>
                            </td>
                            <td class="col-xs-1">
                                <button class="btn btn-default btn-xs">View</button>
                            </td>
                        </tr>
                        <tr style="display:none;">
                            <td class="col-xs-9" colspan="3"><p style="color:maroon;">WebDriverException: Message: chrome not reachable
  (Session info: chrome=83.0.4103.106)
</p><p style="color:maroon;">Traceback (most recent call last):
  File "multipleTC.py", line 53, in test_02CreateWFAddToNewProject
    self.driver.find_element_by_xpath("//a[@title='Add new content']").click()
  File "C:\Users\kamal\PycharmProjects\FrevvoAutomationFramework\venv\lib\site-packages\selenium\webdriver\remote\webdriver.py", line 394, in find_element_by_xpath
    return self.find_element(by=By.XPATH, value=xpath)
  File "C:\Users\kamal\PycharmProjects\FrevvoAutomationFramework\venv\lib\site-packages\selenium\webdriver\remote\webdriver.py", line 976, in find_element
    return self.execute(Command.FIND_ELEMENT, {
  File "C:\Users\kamal\PycharmProjects\FrevvoAutomationFramework\venv\lib\site-packages\selenium\webdriver\remote\webdriver.py", line 321, in execute
    self.error_handler.check_response(response)
  File "C:\Users\kamal\PycharmProjects\FrevvoAutomationFramework\venv\lib\site-packages\selenium\webdriver\remote\errorhandler.py", line 242, in check_response
    raise exception_class(message, screen, stacktrace)
selenium.common.exceptions.WebDriverException: Message: chrome not reachable
  (Session info: chrome=83.0.4103.106)

</p>
                            </td>
                        </tr>
                        <tr>
                            <td colspan="3">
                                Total: 2, Pass: 0, Error: 2 -- Duration: 29.72 s
                            </td>
                        </tr>
                    </tbody>
                </table>
            </div>
        </div>
    </div>
    <script src="https://ajax.googleapis.com/ajax/libs/jquery/2.2.4/jquery.min.js"></script>
    <script type="text/javascript">
        $(document).ready(function(){
            $('td').on('click', '.btn', function(e){
                e.preventDefault();
                e.stopImmediatePropagation();
                var $this = $(this);
                var $nextRow = $this.closest('tr').next('tr');
                $nextRow.slideToggle("fast");
                $this.text(function(i, text){
                    if (text === 'View') {
                        return 'Hide';
                    } else {
                        return 'View';
                    };
                });
            });
        });
    </script>
</body>
</html